<component name="libraryTable">
  <library name="junit-4.13.1 (3)">
    <CLASSES>
      <root url="jar://$PROJECT_DIR$/libs/junit-4.13.1.jar!/" />
    </CLASSES>
    <JAVADOC />
    <SOURCES />
  </library>
</component>