<?xml version="1.0" encoding="UTF-8"?>
<testsuite name="PersonTest" tests="1" skipped="0" failures="0" errors="0" timestamp="2023-03-12T21:03:38" hostname="DESKTOP-BFF6SD4" time="0.008">
  <properties/>
  <testcase name="getStringTest" classname="PersonTest" time="0.008"/>
  <system-out><![CDATA[]]></system-out>
  <system-err><![CDATA[]]></system-err>
</testsuite>
